[2017-12-08 23:55:22] Registro Error.ERROR: No se ha encontrado la clave route en el contenedor [] []
[2017-12-09 00:49:12] Registro Error.ERROR: No se ha podido subir el fichero [] []
[2017-12-09 00:54:40] Registro Error.ERROR: No se ha podido subir el fichero [] []
[2017-12-09 00:57:28] Registro Error.ERROR: No se ha podido subir el fichero [] []
[2017-12-09 00:57:52] Registro Error.ERROR: No se ha podido subir el fichero [] []
[2017-12-09 00:59:41] Registro Error.ERROR: No se ha podido subir el fichero [] []
[2017-12-09 01:00:27] Registro Error.ERROR: No se ha podido subir el fichero [] []
[2017-12-09 01:00:47] Registro Error.ERROR: No se ha podido subir el fichero [] []
[2017-12-09 01:01:23] Registro Error.ERROR: No se ha podido subir el fichero [] []
[2017-12-09 01:03:42] Registro Error.ERROR: No se ha podido subir el fichero [] []
[2017-12-09 01:04:00] Registro Error.ERROR: No se ha podido subir el fichero [] []
[2017-12-09 01:04:17] Registro Error.ERROR: No se ha podido subir el fichero [] []
[2017-12-09 01:07:17] Registro Error.ERROR: Error: No se trata de un fichero JPG, JPEG o PNG [] []
[2017-12-09 01:07:29] Registro Error.ERROR: Error: No se trata de un fichero JPG, JPEG o PNG [] []
[2017-12-09 01:29:57] Registro Error.ERROR: No se ha podido subir el fichero [] []
[2017-12-09 01:30:06] Registro Error.ERROR: No se ha podido subir el fichero [] []
[2017-12-09 01:30:16] Registro Error.ERROR: No se ha podido subir el fichero [] []
[2017-12-09 01:32:17] Registro Error.ERROR: No se ha podido subir el fichero [] []
[2017-12-09 01:32:21] Registro Error.ERROR: No se ha podido subir el fichero [] []
[2017-12-09 01:46:26] Registro Error.ERROR: Error: No se puede mover el fichero a su destino [] []
[2017-12-09 01:47:23] Registro Error.ERROR: Error: No se puede mover el fichero a su destino [] []
[2017-12-09 15:36:05] Registro Error.ERROR: Error: No se puede mover el fichero a su destino [] []
[2017-12-09 15:36:53] Registro Error.ERROR: Error: No se puede mover el fichero a su destino [] []
[2017-12-09 15:37:59] Registro Error.ERROR: Error: No se puede mover el fichero a su destino [] []
[2017-12-09 15:38:51] Registro Error.ERROR: Error: No se puede mover el fichero a su destino [] []
[2017-12-09 16:22:14] Registro Error.ERROR: Invalid parameters. [] []
[2017-12-09 17:03:42] Registro Error.ERROR: No se ha podido subir el fichero [] []
[2017-12-09 17:04:03] Registro Error.ERROR: No se ha podido subir el fichero [] []
[2017-12-09 17:09:33] Registro Error.ERROR: No se ha podido subir el fichero [] []
[2017-12-09 17:15:52] Registro Error.ERROR: No se ha podido subir el fichero [] []
[2017-12-09 17:16:29] Registro Error.ERROR:  [] []
[2017-12-09 17:28:33] Registro Error.ERROR: Error: No se trata de un fichero JPG, JPEG o PNG [] []
[2017-12-09 17:29:41] Registro Error.ERROR: Error: No se trata de un fichero JPG, JPEG o PNG [] []
[2017-12-09 22:25:37] Registro Error.ERROR: El fichero es demasiado grande [] []
[2017-12-09 22:26:42] Registro Error.ERROR: SQLSTATE[42S22]: Column not found: 1054 Unknown column 'idEvt' in 'field list' [] []
[2017-12-09 23:11:12] Registro Error.ERROR: Error: No se trata de un fichero JPG, JPEG o PNG [] []
[2017-12-09 23:33:07] Registro Error.ERROR: Error: No se trata de un fichero JPG, JPEG o PNG [] []
[2017-12-09 23:33:20] Registro Error.ERROR: Error: No se trata de un fichero JPG, JPEG o PNG [] []
[2017-12-09 23:33:27] Registro Error.ERROR: Error: No se trata de un fichero JPG, JPEG o PNG [] []
[2017-12-09 23:33:36] Registro Error.ERROR: Error: No se trata de un fichero JPG, JPEG o PNG [] []
[2017-12-09 23:33:42] Registro Error.ERROR: Error: No se trata de un fichero JPG, JPEG o PNG [] []
[2017-12-09 23:34:03] Registro Error.ERROR: Error: No se trata de un fichero JPG, JPEG o PNG [] []
[2017-12-09 23:34:11] Registro Error.ERROR: Error: No se trata de un fichero JPG, JPEG o PNG [] []
[2017-12-09 23:34:32] Registro Error.ERROR: Error: No se trata de un fichero JPG, JPEG o PNG [] []
[2017-12-09 23:34:38] Registro Error.ERROR: Error: No se trata de un fichero JPG, JPEG o PNG [] []
[2017-12-09 23:34:48] Registro Error.ERROR: Error: No se trata de un fichero JPG, JPEG o PNG [] []
[2017-12-10 02:25:31] Registro Error.ERROR: El fichero es demasiado grande [] []
[2017-12-10 02:25:58] Registro Error.ERROR: El fichero es demasiado grande [] []
[2017-12-10 02:26:32] Registro Error.ERROR: El fichero es demasiado grande [] []
[2017-12-10 02:26:43] Registro Error.ERROR: El fichero es demasiado grande [] []
[2017-12-10 02:26:55] Registro Error.ERROR: El fichero es demasiado grande [] []
[2017-12-10 02:27:13] Registro Error.ERROR: El fichero es demasiado grande [] []
[2017-12-10 02:27:43] Registro Error.ERROR: El fichero es demasiado grande [] []
[2017-12-11 19:01:03] Registro Error.ERROR: SQLSTATE[HY093]: Invalid parameter number: parameter was not defined [] []
[2017-12-11 19:03:26] Registro Error.ERROR: SQLSTATE[HY093]: Invalid parameter number: parameter was not defined [] []
[2017-12-11 19:23:41] Registro Error.ERROR: SQLSTATE[HY093]: Invalid parameter number: parameter was not defined [] []
[2017-12-11 19:23:46] Registro Error.ERROR: SQLSTATE[HY093]: Invalid parameter number: parameter was not defined [] []
[2017-12-11 23:11:13] Registro Error.ERROR: SQLSTATE[42000]: Syntax error or access violation: 1064 You have an error in your SQL syntax; check the manual that corresponds to your MariaDB server version for the right syntax to use near ')' at line 1 [] []
[2017-12-11 23:11:15] Registro Error.ERROR: SQLSTATE[42000]: Syntax error or access violation: 1064 You have an error in your SQL syntax; check the manual that corresponds to your MariaDB server version for the right syntax to use near ')' at line 1 [] []
[2017-12-11 23:11:28] Registro Error.ERROR: SQLSTATE[42000]: Syntax error or access violation: 1064 You have an error in your SQL syntax; check the manual that corresponds to your MariaDB server version for the right syntax to use near ')' at line 1 [] []
[2017-12-11 23:11:53] Registro Error.ERROR: SQLSTATE[42000]: Syntax error or access violation: 1064 You have an error in your SQL syntax; check the manual that corresponds to your MariaDB server version for the right syntax to use near ')' at line 1 [] []
[2017-12-11 23:24:47] Registro Error.ERROR: SQLSTATE[HY093]: Invalid parameter number: number of bound variables does not match number of tokens [] []
[2017-12-11 23:25:09] Registro Error.ERROR: SQLSTATE[HY093]: Invalid parameter number: number of bound variables does not match number of tokens [] []
[2017-12-11 23:25:34] Registro Error.ERROR: SQLSTATE[HY093]: Invalid parameter number: number of bound variables does not match number of tokens [] []
[2017-12-11 23:29:36] Registro Error.ERROR: SQLSTATE[HY093]: Invalid parameter number: number of bound variables does not match number of tokens [] []
[2017-12-11 23:30:02] Registro Error.ERROR: SQLSTATE[HY093]: Invalid parameter number: number of bound variables does not match number of tokens [] []
[2017-12-11 23:30:15] Registro Error.ERROR: SQLSTATE[HY093]: Invalid parameter number: number of bound variables does not match number of tokens [] []
[2017-12-11 23:31:03] Registro Error.ERROR: SQLSTATE[HY093]: Invalid parameter number: no parameters were bound [] []
[2017-12-11 23:31:12] Registro Error.ERROR: SQLSTATE[HY093]: Invalid parameter number: no parameters were bound [] []
[2017-12-11 23:34:33] Registro Error.ERROR: SQLSTATE[HY093]: Invalid parameter number: no parameters were bound [] []
[2017-12-11 23:34:44] Registro Error.ERROR: SQLSTATE[HY093]: Invalid parameter number: number of bound variables does not match number of tokens [] []
[2017-12-11 23:44:55] Registro Error.ERROR: SQLSTATE[HY093]: Invalid parameter number: number of bound variables does not match number of tokens [] []
[2017-12-11 23:45:17] Registro Error.ERROR: SQLSTATE[HY093]: Invalid parameter number: number of bound variables does not match number of tokens [] []
[2017-12-11 23:53:27] Registro Error.ERROR: SQLSTATE[HY093]: Invalid parameter number: number of bound variables does not match number of tokens [] []
[2017-12-11 23:53:34] Registro Error.ERROR: SQLSTATE[HY093]: Invalid parameter number: number of bound variables does not match number of tokens [] []
[2017-12-11 23:54:59] Registro Error.ERROR: SQLSTATE[HY093]: Invalid parameter number: number of bound variables does not match number of tokens [] []
[2017-12-11 23:55:17] Registro Error.ERROR: SQLSTATE[HY093]: Invalid parameter number: number of bound variables does not match number of tokens [] []
[2017-12-11 23:55:41] Registro Error.ERROR: SQLSTATE[HY093]: Invalid parameter number: number of bound variables does not match number of tokens [] []
[2017-12-12 00:47:34] Registro Error.ERROR: SQLSTATE[42S22]: Column not found: 1054 Unknown column 'busqueda' in 'where clause' [] []
[2017-12-12 00:48:04] Registro Error.ERROR: SQLSTATE[42S22]: Column not found: 1054 Unknown column 'busqueda' in 'where clause' [] []
[2017-12-13 02:08:59] Registro Error.ERROR: SQLSTATE[HY093]: Invalid parameter number: parameter was not defined [] []
[2017-12-14 09:17:38] Registro Error.ERROR: SQLSTATE[42S22]: Column not found: 1054 Unknown column 'evt.imagen' in 'field list' [] []
[2017-12-14 09:24:01] Registro Error.ERROR: SQLSTATE[42S22]: Column not found: 1054 Unknown column 'evt.imagen' in 'field list' [] []
[2017-12-14 09:24:10] Registro Error.ERROR: SQLSTATE[42S22]: Column not found: 1054 Unknown column 'evt.imagen' in 'field list' [] []
[2017-12-14 09:25:08] Registro Error.ERROR: SQLSTATE[42S22]: Column not found: 1054 Unknown column 'evt.imagen' in 'field list' [] []
[2017-12-14 09:26:20] Registro Error.ERROR: SQLSTATE[42S22]: Column not found: 1054 Unknown column 'evt.imagen' in 'field list' [] []
[2017-12-14 12:28:14] Registro Error.ERROR: SQLSTATE[HY093]: Invalid parameter number: parameter was not defined [] []
[2017-12-14 23:18:46] Registro Error.ERROR: El controlador tocketea\app\controllers\PagesController no responde al action acceder [] []
[2017-12-15 15:04:13] Registro Error.ERROR: SQLSTATE[42000]: Syntax error or access violation: 1064 You have an error in your SQL syntax; check the manual that corresponds to your MariaDB server version for the right syntax to use near 'WHERE email='se_bat_94@hotmail.com'' at line 1 [] []
[2017-12-15 15:16:03] Registro Error.ERROR: SQLSTATE[42S22]: Column not found: 1054 Unknown column 'alerta' in 'field list' [] []
[2017-12-15 15:17:00] Registro Error.ERROR: SQLSTATE[42000]: Syntax error or access violation: 1064 You have an error in your SQL syntax; check the manual that corresponds to your MariaDB server version for the right syntax to use near 'WHERE email='se_bat_94@hotmail.com'' at line 1 [] []
[2017-12-15 15:18:04] Registro Error.ERROR: SQLSTATE[42000]: Syntax error or access violation: 1064 You have an error in your SQL syntax; check the manual that corresponds to your MariaDB server version for the right syntax to use near 'WHERE email='se_bat_94@hotmail.com'' at line 1 [] []
[2017-12-15 15:18:08] Registro Error.ERROR: SQLSTATE[42000]: Syntax error or access violation: 1064 You have an error in your SQL syntax; check the manual that corresponds to your MariaDB server version for the right syntax to use near 'WHERE email='se_bat_94@hotmail.com'' at line 1 [] []
[2017-12-15 15:18:44] Registro Error.ERROR: SQLSTATE[42000]: Syntax error or access violation: 1064 You have an error in your SQL syntax; check the manual that corresponds to your MariaDB server version for the right syntax to use near 'WHERE email='se_bat_94@hotmail.com'' at line 1 [] []
[2017-12-15 15:19:32] Registro Error.ERROR: SQLSTATE[42000]: Syntax error or access violation: 1064 You have an error in your SQL syntax; check the manual that corresponds to your MariaDB server version for the right syntax to use near 'WHERE email='se_bat_94@hotmail.com'' at line 1 [] []
[2017-12-15 15:19:38] Registro Error.ERROR: SQLSTATE[42000]: Syntax error or access violation: 1064 You have an error in your SQL syntax; check the manual that corresponds to your MariaDB server version for the right syntax to use near 'WHERE email='se_bat_94@hotmail.com'' at line 1 [] []
[2017-12-15 15:20:11] Registro Error.ERROR: SQLSTATE[42000]: Syntax error or access violation: 1064 You have an error in your SQL syntax; check the manual that corresponds to your MariaDB server version for the right syntax to use near 'WHERE email='se_bat_94@hotmail.com'' at line 1 [] []
[2017-12-15 15:20:15] Registro Error.ERROR: SQLSTATE[42000]: Syntax error or access violation: 1064 You have an error in your SQL syntax; check the manual that corresponds to your MariaDB server version for the right syntax to use near 'WHERE email='se_bat_94@hotmail.com'' at line 1 [] []
[2017-12-15 15:20:19] Registro Error.ERROR: SQLSTATE[42000]: Syntax error or access violation: 1064 You have an error in your SQL syntax; check the manual that corresponds to your MariaDB server version for the right syntax to use near 'WHERE email='se_bat_94@hotmail.com'' at line 1 [] []
[2017-12-16 11:37:38] Registro Error.ERROR: SQLSTATE[42000]: Syntax error or access violation: 1064 You have an error in your SQL syntax; check the manual that corresponds to your MariaDB server version for the right syntax to use near 'FULL OUTER JOIN usuario as u on e.FK_email = u.email WHERE (e.fecha_celebracion ' at line 3 [] []
[2017-12-16 11:37:44] Registro Error.ERROR: SQLSTATE[42000]: Syntax error or access violation: 1064 You have an error in your SQL syntax; check the manual that corresponds to your MariaDB server version for the right syntax to use near 'FULL OUTER JOIN usuario as u on e.FK_email = u.email WHERE (e.fecha_celebracion ' at line 3 [] []
[2017-12-16 11:37:45] Registro Error.ERROR: SQLSTATE[42000]: Syntax error or access violation: 1064 You have an error in your SQL syntax; check the manual that corresponds to your MariaDB server version for the right syntax to use near 'FULL OUTER JOIN usuario as u on e.FK_email = u.email WHERE (e.fecha_celebracion ' at line 3 [] []
[2017-12-16 11:37:45] Registro Error.ERROR: SQLSTATE[42000]: Syntax error or access violation: 1064 You have an error in your SQL syntax; check the manual that corresponds to your MariaDB server version for the right syntax to use near 'FULL OUTER JOIN usuario as u on e.FK_email = u.email WHERE (e.fecha_celebracion ' at line 3 [] []
[2017-12-16 11:37:46] Registro Error.ERROR: SQLSTATE[42000]: Syntax error or access violation: 1064 You have an error in your SQL syntax; check the manual that corresponds to your MariaDB server version for the right syntax to use near 'FULL OUTER JOIN usuario as u on e.FK_email = u.email WHERE (e.fecha_celebracion ' at line 3 [] []
[2017-12-16 11:37:46] Registro Error.ERROR: SQLSTATE[42000]: Syntax error or access violation: 1064 You have an error in your SQL syntax; check the manual that corresponds to your MariaDB server version for the right syntax to use near 'FULL OUTER JOIN usuario as u on e.FK_email = u.email WHERE (e.fecha_celebracion ' at line 3 [] []
[2017-12-16 11:37:51] Registro Error.ERROR: SQLSTATE[42000]: Syntax error or access violation: 1064 You have an error in your SQL syntax; check the manual that corresponds to your MariaDB server version for the right syntax to use near 'FULL OUTER JOIN usuario as u on e.FK_email = u.email WHERE (e.fecha_celebracion ' at line 3 [] []
[2017-12-16 16:29:25] Registro Error.ERROR: El controlador tocketea\app\controllers\PagesController no responde al action mensajes [] []
[2017-12-16 21:59:11] Registro Error.ERROR: SQLSTATE[HY093]: Invalid parameter number: no parameters were bound [] []
[2017-12-16 21:59:13] Registro Error.ERROR: SQLSTATE[HY093]: Invalid parameter number: no parameters were bound [] []
[2017-12-16 21:59:17] Registro Error.ERROR: SQLSTATE[HY093]: Invalid parameter number: no parameters were bound [] []
[2017-12-16 21:59:22] Registro Error.ERROR: SQLSTATE[HY093]: Invalid parameter number: no parameters were bound [] []
[2017-12-16 21:59:28] Registro Error.ERROR: SQLSTATE[HY093]: Invalid parameter number: no parameters were bound [] []
[2017-12-16 22:01:20] Registro Error.ERROR: SQLSTATE[HY093]: Invalid parameter number: no parameters were bound [] []
[2017-12-16 22:01:26] Registro Error.ERROR: SQLSTATE[HY093]: Invalid parameter number: no parameters were bound [] []
[2017-12-16 22:01:31] Registro Error.ERROR: SQLSTATE[HY093]: Invalid parameter number: no parameters were bound [] []
[2017-12-16 22:01:53] Registro Error.ERROR: SQLSTATE[HY093]: Invalid parameter number: no parameters were bound [] []
[2017-12-16 22:01:54] Registro Error.ERROR: SQLSTATE[HY093]: Invalid parameter number: no parameters were bound [] []
[2017-12-16 22:01:56] Registro Error.ERROR: SQLSTATE[HY093]: Invalid parameter number: no parameters were bound [] []
[2017-12-16 22:02:31] Registro Error.ERROR: SQLSTATE[HY093]: Invalid parameter number: no parameters were bound [] []
[2017-12-16 22:03:02] Registro Error.ERROR: SQLSTATE[HY093]: Invalid parameter number: no parameters were bound [] []
[2017-12-16 22:03:29] Registro Error.ERROR: SQLSTATE[HY093]: Invalid parameter number: no parameters were bound [] []
[2017-12-16 22:05:20] Registro Error.ERROR: SQLSTATE[HY093]: Invalid parameter number: no parameters were bound [] []
[2017-12-16 22:08:57] Registro Error.ERROR: SQLSTATE[HY093]: Invalid parameter number: no parameters were bound [] []
[2017-12-16 22:08:58] Registro Error.ERROR: SQLSTATE[HY093]: Invalid parameter number: no parameters were bound [] []
[2017-12-16 22:09:03] Registro Error.ERROR: SQLSTATE[HY093]: Invalid parameter number: no parameters were bound [] []
[2017-12-16 22:09:04] Registro Error.ERROR: SQLSTATE[HY093]: Invalid parameter number: no parameters were bound [] []
[2017-12-16 22:09:15] Registro Error.ERROR: SQLSTATE[HY093]: Invalid parameter number: no parameters were bound [] []
[2017-12-16 22:09:26] Registro Error.ERROR: SQLSTATE[HY093]: Invalid parameter number: no parameters were bound [] []
[2017-12-16 22:14:47] Registro Error.ERROR: SQLSTATE[HY093]: Invalid parameter number: no parameters were bound [] []
[2017-12-16 22:16:10] Registro Error.ERROR: SQLSTATE[HY093]: Invalid parameter number: no parameters were bound [] []
[2017-12-16 22:16:19] Registro Error.ERROR: SQLSTATE[HY093]: Invalid parameter number: no parameters were bound [] []
[2017-12-17 22:39:04] Registro Error.ERROR: El controlador tocketea\app\controllers\PagesController no responde al action mensajes [] []
[2017-12-17 22:39:23] Registro Error.ERROR: El controlador tocketea\app\controllers\PagesController no responde al action mensajes [] []
[2017-12-17 22:39:35] Registro Error.ERROR: El controlador tocketea\app\controllers\PagesController no responde al action mensajes [] []
[2017-12-17 22:40:15] Registro Error.ERROR: SQLSTATE[42S22]: Column not found: 1054 Unknown column 'email' in 'where clause' [] []
[2017-12-17 22:40:16] Registro Error.ERROR: SQLSTATE[42S22]: Column not found: 1054 Unknown column 'email' in 'where clause' [] []
[2017-12-17 22:40:23] Registro Error.ERROR: SQLSTATE[42S22]: Column not found: 1054 Unknown column 'email' in 'where clause' [] []
[2017-12-17 22:41:08] Registro Error.ERROR: SQLSTATE[42S22]: Column not found: 1054 Unknown column 'email' in 'where clause' [] []
[2017-12-17 22:41:17] Registro Error.ERROR: SQLSTATE[42S22]: Column not found: 1054 Unknown column 'email' in 'where clause' [] []
[2017-12-17 23:42:18] Registro Error.ERROR: SQLSTATE[42000]: Syntax error or access violation: 1064 You have an error in your SQL syntax; check the manual that corresponds to your MariaDB server version for the right syntax to use near '@hotmail.comse_bat_94@hotmail.com' at line 1 [] []
[2017-12-17 23:42:31] Registro Error.ERROR: SQLSTATE[42000]: Syntax error or access violation: 1064 You have an error in your SQL syntax; check the manual that corresponds to your MariaDB server version for the right syntax to use near '@hotmail.comse_bat_94@hotmail.com' at line 1 [] []
[2017-12-17 23:42:43] Registro Error.ERROR: SQLSTATE[42000]: Syntax error or access violation: 1064 You have an error in your SQL syntax; check the manual that corresponds to your MariaDB server version for the right syntax to use near '@hotmail.comse_bat_94@hotmail.com' at line 1 [] []
[2017-12-17 23:44:05] Registro Error.ERROR: SQLSTATE[42000]: Syntax error or access violation: 1064 You have an error in your SQL syntax; check the manual that corresponds to your MariaDB server version for the right syntax to use near '@hotmail.comse_bat_94@hotmail.com' at line 1 [] []
[2017-12-17 23:44:13] Registro Error.ERROR: SQLSTATE[42000]: Syntax error or access violation: 1064 You have an error in your SQL syntax; check the manual that corresponds to your MariaDB server version for the right syntax to use near '@hotmail.comse_bat_94@hotmail.com' at line 1 [] []
[2017-12-17 23:44:34] Registro Error.ERROR: SQLSTATE[42000]: Syntax error or access violation: 1064 You have an error in your SQL syntax; check the manual that corresponds to your MariaDB server version for the right syntax to use near '@hotmail.comse_bat_94@hotmail.com' at line 1 [] []
[2017-12-17 23:46:04] Registro Error.ERROR: SQLSTATE[42000]: Syntax error or access violation: 1064 You have an error in your SQL syntax; check the manual that corresponds to your MariaDB server version for the right syntax to use near '@hotmail.comse_bat_94@hotmail.com' at line 1 [] []
[2017-12-17 23:46:09] Registro Error.ERROR: SQLSTATE[42000]: Syntax error or access violation: 1064 You have an error in your SQL syntax; check the manual that corresponds to your MariaDB server version for the right syntax to use near '@hotmail.comse_bat_94@hotmail.com' at line 1 [] []
[2017-12-17 23:46:16] Registro Error.ERROR: SQLSTATE[42000]: Syntax error or access violation: 1064 You have an error in your SQL syntax; check the manual that corresponds to your MariaDB server version for the right syntax to use near '@hotmail.comse_bat_94@hotmail.com' at line 1 [] []
[2017-12-17 23:46:18] Registro Error.ERROR: SQLSTATE[42000]: Syntax error or access violation: 1064 You have an error in your SQL syntax; check the manual that corresponds to your MariaDB server version for the right syntax to use near '@hotmail.comse_bat_94@hotmail.com' at line 1 [] []
[2017-12-17 23:46:28] Registro Error.ERROR: SQLSTATE[42000]: Syntax error or access violation: 1064 You have an error in your SQL syntax; check the manual that corresponds to your MariaDB server version for the right syntax to use near '@hotmail.comse_bat_94@hotmail.com' at line 1 [] []
[2017-12-17 23:46:38] Registro Error.ERROR: SQLSTATE[42000]: Syntax error or access violation: 1064 You have an error in your SQL syntax; check the manual that corresponds to your MariaDB server version for the right syntax to use near '@hotmail.comse_bat_94@hotmail.com' at line 1 [] []
[2017-12-17 23:58:49] Registro Error.ERROR: SQLSTATE[42S22]: Column not found: 1054 Unknown column 'pepe' in 'where clause' [] []
[2017-12-17 23:59:01] Registro Error.ERROR: SQLSTATE[42S22]: Column not found: 1054 Unknown column 'pepe' in 'where clause' [] []
[2017-12-17 23:59:14] Registro Error.ERROR: SQLSTATE[42S22]: Column not found: 1054 Unknown column 'pepe' in 'where clause' [] []
[2017-12-18 00:01:28] Registro Error.ERROR: SQLSTATE[42S22]: Column not found: 1054 Unknown column 'pepe' in 'where clause' [] []
[2017-12-18 01:33:07] Registro Error.ERROR: SQLSTATE[42000]: Syntax error or access violation: 1064 You have an error in your SQL syntax; check the manual that corresponds to your MariaDB server version for the right syntax to use near '('nuevo', 'nuevo-se_bat_94')' at line 2 [] []
[2017-12-18 01:39:30] Registro Error.ERROR: SQLSTATE[23000]: Integrity constraint violation: 1452 Cannot add or update a child row: a foreign key constraint fails (`tocketea`.`usuario_grupo`, CONSTRAINT `usuario_grupo_ibfk_1` FOREIGN KEY (`FK_email`) REFERENCES `usuario` (`email`)) [] []
[2017-12-18 01:52:33] Registro Error.ERROR: SQLSTATE[23000]: Integrity constraint violation: 1452 Cannot add or update a child row: a foreign key constraint fails (`tocketea`.`usuario_grupo`, CONSTRAINT `usuario_grupo_ibfk_1` FOREIGN KEY (`FK_email`) REFERENCES `usuario` (`email`)) [] []
[2017-12-18 02:00:38] Registro Error.ERROR: SQLSTATE[23000]: Integrity constraint violation: 1452 Cannot add or update a child row: a foreign key constraint fails (`tocketea`.`usuario_grupo`, CONSTRAINT `usuario_grupo_ibfk_1` FOREIGN KEY (`FK_email`) REFERENCES `usuario` (`email`)) [] []
[2017-12-19 12:47:34] Registro Error.ERROR: SQLSTATE[42000]: Syntax error or access violation: 1248 Every derived table must have its own alias [] []
[2017-12-19 12:47:35] Registro Error.ERROR: SQLSTATE[42000]: Syntax error or access violation: 1248 Every derived table must have its own alias [] []
[2017-12-19 12:47:45] Registro Error.ERROR: SQLSTATE[42000]: Syntax error or access violation: 1248 Every derived table must have its own alias [] []
[2017-12-19 12:47:46] Registro Error.ERROR: SQLSTATE[42000]: Syntax error or access violation: 1248 Every derived table must have its own alias [] []
[2017-12-21 15:25:25] Registro Error.ERROR: SQLSTATE[42000]: Syntax error or access violation: 1064 You have an error in your SQL syntax; check the manual that corresponds to your MariaDB server version for the right syntax to use near 'DESC' at line 3 [] []
[2017-12-21 15:25:28] Registro Error.ERROR: SQLSTATE[42000]: Syntax error or access violation: 1064 You have an error in your SQL syntax; check the manual that corresponds to your MariaDB server version for the right syntax to use near 'DESC' at line 3 [] []
[2017-12-21 16:35:11] Registro Error.ERROR: SQLSTATE[42000]: Syntax error or access violation: 1064 You have an error in your SQL syntax; check the manual that corresponds to your MariaDB server version for the right syntax to use near '@hotmail.com ORDER BY M.fecha_hora DESC' at line 3 [] []
[2017-12-21 16:35:15] Registro Error.ERROR: SQLSTATE[42000]: Syntax error or access violation: 1064 You have an error in your SQL syntax; check the manual that corresponds to your MariaDB server version for the right syntax to use near '@hotmail.com ORDER BY M.fecha_hora DESC' at line 3 [] []
[2017-12-21 16:40:39] Registro Error.ERROR: SQLSTATE[42000]: Syntax error or access violation: 1064 You have an error in your SQL syntax; check the manual that corresponds to your MariaDB server version for the right syntax to use near 'HAVING COUNT(*) > 1' at line 5 [] []
[2017-12-21 19:51:18] Registro Error.ERROR: SQLSTATE[42S22]: Column not found: 1054 Unknown column 'UG.FK_email' in 'where clause' [] []
[2017-12-21 20:48:43] Registro Error.ERROR: SQLSTATE[42S22]: Column not found: 1054 Unknown column 'nuevo' in 'where clause' [] []
[2017-12-23 18:34:27] Registro Error.ERROR: SQLSTATE[HY000]: General error: No fetch class specified [] []
[2017-12-23 18:43:01] Registro Error.ERROR: SQLSTATE[42000]: Syntax error or access violation: 1064 You have an error in your SQL syntax; check the manual that corresponds to your MariaDB server version for the right syntax to use near '.imagen as u_imagen, u.nombre_completo as u_nombre_completo                 FRO' at line 4 [] []
[2017-12-27 15:14:07] Registro Error.ERROR: SQLSTATE[22007]: Invalid datetime format: 1366 Incorrect integer value: '' for column 'id' at row 1 [] []
[2017-12-27 15:15:26] Registro Error.ERROR: SQLSTATE[22007]: Invalid datetime format: 1366 Incorrect integer value: '' for column 'id' at row 1 [] []
[2017-12-27 15:17:17] Registro Error.ERROR: SQLSTATE[22007]: Invalid datetime format: 1366 Incorrect integer value: '' for column 'id' at row 1 [] []
[2017-12-27 15:19:50] Registro Error.ERROR: SQLSTATE[22007]: Invalid datetime format: 1366 Incorrect integer value: '' for column 'id' at row 1 [] []
[2017-12-27 15:20:31] Registro Error.ERROR: SQLSTATE[22007]: Invalid datetime format: 1366 Incorrect integer value: '' for column 'id' at row 1 [] []
[2017-12-27 16:27:18] Registro Error.ERROR: SQLSTATE[42000]: Syntax error or access violation: 1064 You have an error in your SQL syntax; check the manual that corresponds to your MariaDB server version for the right syntax to use near '@hotmail.com AND PK_evento = 3);                          START TRANSACTION  ' at line 3 [] []
[2017-12-27 17:27:13] Registro Error.ERROR: SQLSTATE[42000]: Syntax error or access violation: 1064 You have an error in your SQL syntax; check the manual that corresponds to your MariaDB server version for the right syntax to use near '@hotmail.com AND FK_evento = 3' at line 1 [] []
[2017-12-27 17:27:21] Registro Error.ERROR: SQLSTATE[42000]: Syntax error or access violation: 1064 You have an error in your SQL syntax; check the manual that corresponds to your MariaDB server version for the right syntax to use near '@hotmail.com AND FK_evento = 3' at line 1 [] []
[2017-12-27 17:27:31] Registro Error.ERROR: SQLSTATE[42000]: Syntax error or access violation: 1064 You have an error in your SQL syntax; check the manual that corresponds to your MariaDB server version for the right syntax to use near '@hotmail.com AND FK_evento = 3' at line 1 [] []
[2017-12-27 17:29:25] Registro Error.ERROR: SQLSTATE[42000]: Syntax error or access violation: 1064 You have an error in your SQL syntax; check the manual that corresponds to your MariaDB server version for the right syntax to use near '@hotmail.com AND FK_evento = 3' at line 1 [] []
[2017-12-27 17:29:45] Registro Error.ERROR: SQLSTATE[42000]: Syntax error or access violation: 1064 You have an error in your SQL syntax; check the manual that corresponds to your MariaDB server version for the right syntax to use near '@hotmail.com AND FK_evento = 3' at line 1 [] []
[2017-12-27 17:30:48] Registro Error.ERROR: SQLSTATE[42000]: Syntax error or access violation: 1064 You have an error in your SQL syntax; check the manual that corresponds to your MariaDB server version for the right syntax to use near '@hotmail.com AND FK_evento = 3' at line 1 [] []
[2017-12-27 17:30:57] Registro Error.ERROR: SQLSTATE[42000]: Syntax error or access violation: 1064 You have an error in your SQL syntax; check the manual that corresponds to your MariaDB server version for the right syntax to use near '@hotmail.com AND FK_evento = 3' at line 1 [] []
[2017-12-27 17:31:02] Registro Error.ERROR: SQLSTATE[42000]: Syntax error or access violation: 1064 You have an error in your SQL syntax; check the manual that corresponds to your MariaDB server version for the right syntax to use near '@hotmail.com AND FK_evento = 3' at line 1 [] []
[2017-12-27 17:32:31] Registro Error.ERROR: SQLSTATE[42000]: Syntax error or access violation: 1064 You have an error in your SQL syntax; check the manual that corresponds to your MariaDB server version for the right syntax to use near '@hotmail.com AND FK_evento = 3' at line 1 [] []
[2017-12-27 17:32:32] Registro Error.ERROR: SQLSTATE[42000]: Syntax error or access violation: 1064 You have an error in your SQL syntax; check the manual that corresponds to your MariaDB server version for the right syntax to use near '@hotmail.com AND FK_evento = 3' at line 1 [] []
[2017-12-27 17:32:32] Registro Error.ERROR: SQLSTATE[42000]: Syntax error or access violation: 1064 You have an error in your SQL syntax; check the manual that corresponds to your MariaDB server version for the right syntax to use near '@hotmail.com AND FK_evento = 3' at line 1 [] []
[2017-12-27 17:32:32] Registro Error.ERROR: SQLSTATE[42000]: Syntax error or access violation: 1064 You have an error in your SQL syntax; check the manual that corresponds to your MariaDB server version for the right syntax to use near '@hotmail.com AND FK_evento = 3' at line 1 [] []
[2017-12-27 17:32:33] Registro Error.ERROR: SQLSTATE[42000]: Syntax error or access violation: 1064 You have an error in your SQL syntax; check the manual that corresponds to your MariaDB server version for the right syntax to use near '@hotmail.com AND FK_evento = 3' at line 1 [] []
[2017-12-27 17:32:42] Registro Error.ERROR: SQLSTATE[42000]: Syntax error or access violation: 1064 You have an error in your SQL syntax; check the manual that corresponds to your MariaDB server version for the right syntax to use near '@hotmail.com AND FK_evento = 3' at line 1 [] []
[2017-12-27 17:33:46] Registro Error.ERROR: SQLSTATE[42000]: Syntax error or access violation: 1064 You have an error in your SQL syntax; check the manual that corresponds to your MariaDB server version for the right syntax to use near '@hotmail.com AND PK_evento = 3' at line 1 [] []
[2017-12-27 17:33:47] Registro Error.ERROR: SQLSTATE[42000]: Syntax error or access violation: 1064 You have an error in your SQL syntax; check the manual that corresponds to your MariaDB server version for the right syntax to use near '@hotmail.com AND PK_evento = 3' at line 1 [] []
[2017-12-27 17:34:15] Registro Error.ERROR: SQLSTATE[42000]: Syntax error or access violation: 1064 You have an error in your SQL syntax; check the manual that corresponds to your MariaDB server version for the right syntax to use near '@hotmail.com AND PK_evento = 3' at line 1 [] []
[2017-12-27 17:34:16] Registro Error.ERROR: SQLSTATE[42000]: Syntax error or access violation: 1064 You have an error in your SQL syntax; check the manual that corresponds to your MariaDB server version for the right syntax to use near '@hotmail.com AND PK_evento = 3' at line 1 [] []
[2017-12-27 20:26:03] Registro Error.ERROR: SQLSTATE[42S22]: Column not found: 1054 Unknown column 'enviar' in 'where clause' [] []
[2017-12-27 20:50:30] Registro Error.ERROR: SQLSTATE[42S22]: Column not found: 1054 Unknown column 'enviar' in 'where clause' [] []
[2017-12-27 20:52:17] Registro Error.ERROR: SQLSTATE[42S22]: Column not found: 1054 Unknown column 'enviar' in 'where clause' [] []
[2017-12-27 22:22:45] Registro Error.ERROR: SQLSTATE[42S22]: Column not found: 1054 Unknown column 'enviar' in 'where clause' [] []
[2017-12-31 12:51:49] Registro Error.ERROR: SQLSTATE[42000]: Syntax error or access violation: 1064 You have an error in your SQL syntax; check the manual that corresponds to your MariaDB server version for the right syntax to use near '@hotmail.com' at line 1 [] []
[2017-12-31 12:52:32] Registro Error.ERROR: SQLSTATE[42000]: Syntax error or access violation: 1064 You have an error in your SQL syntax; check the manual that corresponds to your MariaDB server version for the right syntax to use near '@hotmail.com' at line 1 [] []
[2017-12-31 12:52:42] Registro Error.ERROR: SQLSTATE[42000]: Syntax error or access violation: 1064 You have an error in your SQL syntax; check the manual that corresponds to your MariaDB server version for the right syntax to use near '@hotmail.com' at line 1 [] []
[2017-12-31 12:52:56] Registro Error.ERROR: SQLSTATE[42000]: Syntax error or access violation: 1064 You have an error in your SQL syntax; check the manual that corresponds to your MariaDB server version for the right syntax to use near '@hotmail.com' at line 1 [] []
[2017-12-31 12:52:58] Registro Error.ERROR: SQLSTATE[42000]: Syntax error or access violation: 1064 You have an error in your SQL syntax; check the manual that corresponds to your MariaDB server version for the right syntax to use near '@hotmail.com' at line 1 [] []
[2017-12-31 12:54:53] Registro Error.ERROR: SQLSTATE[42000]: Syntax error or access violation: 1064 You have an error in your SQL syntax; check the manual that corresponds to your MariaDB server version for the right syntax to use near '@hotmail.com' at line 1 [] []
[2018-01-01 12:57:35] Registro Error.ERROR: SQLSTATE[42000]: Syntax error or access violation: 1064 You have an error in your SQL syntax; check the manual that corresponds to your MariaDB server version for the right syntax to use near 'FROM mensaje as M                       JOIN usuario as UE on M.enviado_por = U' at line 3 [] []
[2018-01-01 12:57:38] Registro Error.ERROR: SQLSTATE[42000]: Syntax error or access violation: 1064 You have an error in your SQL syntax; check the manual that corresponds to your MariaDB server version for the right syntax to use near 'FROM mensaje as M                       JOIN usuario as UE on M.enviado_por = U' at line 3 [] []
[2018-01-01 12:57:41] Registro Error.ERROR: SQLSTATE[42000]: Syntax error or access violation: 1064 You have an error in your SQL syntax; check the manual that corresponds to your MariaDB server version for the right syntax to use near 'FROM mensaje as M                       JOIN usuario as UE on M.enviado_por = U' at line 3 [] []
[2018-01-01 12:57:59] Registro Error.ERROR: SQLSTATE[42S22]: Column not found: 1054 Unknown column 'UR.recibido_por' in 'field list' [] []
[2018-01-01 13:00:26] Registro Error.ERROR: SQLSTATE[42S22]: Column not found: 1054 Unknown column 'UR.recibido_por' in 'field list' [] []
[2018-01-01 13:01:25] Registro Error.ERROR: SQLSTATE[42S22]: Column not found: 1054 Unknown column 'UR.recibido_por' in 'field list' [] []
[2018-01-01 13:03:04] Registro Error.ERROR: SQLSTATE[42S22]: Column not found: 1054 Unknown column 'UR.recibido_por' in 'field list' [] []
[2018-01-01 13:03:07] Registro Error.ERROR: SQLSTATE[42000]: Syntax error or access violation: 1064 You have an error in your SQL syntax; check the manual that corresponds to your MariaDB server version for the right syntax to use near 'FROM mensaje as M                       JOIN usuario as UE on M.enviado_por = U' at line 3 [] []
[2018-01-01 13:05:28] Registro Error.ERROR: SQLSTATE[42000]: Syntax error or access violation: 1064 You have an error in your SQL syntax; check the manual that corresponds to your MariaDB server version for the right syntax to use near 'if(M.enviado_por='dan@gmail.com',UR.recibido_por,UE.recibido_por) as recibido_po' at line 2 [] []
[2018-01-01 13:06:04] Registro Error.ERROR: SQLSTATE[42S22]: Column not found: 1054 Unknown column 'UR.recibido_por' in 'field list' [] []
[2018-01-01 13:06:09] Registro Error.ERROR: SQLSTATE[42000]: Syntax error or access violation: 1066 Not unique table/alias: 'UR' [] []
[2018-01-01 13:08:50] Registro Error.ERROR: SQLSTATE[42S22]: Column not found: 1054 Unknown column 'UR.recibido_por' in 'field list' [] []
[2018-01-01 13:14:42] Registro Error.ERROR: SQLSTATE[42000]: Syntax error or access violation: 1064 You have an error in your SQL syntax; check the manual that corresponds to your MariaDB server version for the right syntax to use near 'if(MR.enviado_por='dan@gmail.com',UE.recibido_por,UR.recibido_por) as nombre_com' at line 2 [] []
[2018-01-01 13:16:43] Registro Error.ERROR: SQLSTATE[42000]: Syntax error or access violation: 1064 You have an error in your SQL syntax; check the manual that corresponds to your MariaDB server version for the right syntax to use near 'if(M.enviado_por='dan@gmail.com',UE.recibido_por,UR.enviado_por) as recibido_por' at line 2 [] []
[2018-01-01 13:17:09] Registro Error.ERROR: SQLSTATE[42000]: Syntax error or access violation: 1064 You have an error in your SQL syntax; check the manual that corresponds to your MariaDB server version for the right syntax to use near 'if(M.enviado_por='dan@gmail.com',M.recibido_por,M.enviado_por) as recibido_por ' at line 2 [] []
[2018-01-01 13:17:12] Registro Error.ERROR: SQLSTATE[42000]: Syntax error or access violation: 1064 You have an error in your SQL syntax; check the manual that corresponds to your MariaDB server version for the right syntax to use near 'if(M.enviado_por='dan@gmail.com',M.recibido_por,M.enviado_por) as recibido_por ' at line 2 [] []
[2018-01-01 13:17:12] Registro Error.ERROR: SQLSTATE[42000]: Syntax error or access violation: 1064 You have an error in your SQL syntax; check the manual that corresponds to your MariaDB server version for the right syntax to use near 'if(M.enviado_por='dan@gmail.com',M.recibido_por,M.enviado_por) as recibido_por ' at line 2 [] []
[2018-01-01 13:17:12] Registro Error.ERROR: SQLSTATE[42000]: Syntax error or access violation: 1064 You have an error in your SQL syntax; check the manual that corresponds to your MariaDB server version for the right syntax to use near 'if(M.enviado_por='dan@gmail.com',M.recibido_por,M.enviado_por) as recibido_por ' at line 2 [] []
[2018-01-01 13:17:12] Registro Error.ERROR: SQLSTATE[42000]: Syntax error or access violation: 1064 You have an error in your SQL syntax; check the manual that corresponds to your MariaDB server version for the right syntax to use near 'if(M.enviado_por='dan@gmail.com',M.recibido_por,M.enviado_por) as recibido_por ' at line 2 [] []
